[2023-01-19T18:54:30.538] [ERROR] default - error al obtener el dato por su id: CastError: Cast to ObjectId failed for value "prueba" (type string) at path "_id" for model "productos"
[2023-01-19T18:55:06.440] [ERROR] default - error al obtener el dato por su id: CastError: Cast to ObjectId failed for value "pepe" (type string) at path "_id" for model "productos"
[2023-01-19T18:55:32.105] [ERROR] default - error al obtener el dato por su id: CastError: Cast to ObjectId failed for value "pepe" (type string) at path "_id" for model "productos"
[2023-01-19T18:55:33.314] [ERROR] default - error al obtener el dato por su id: CastError: Cast to ObjectId failed for value "pepe" (type string) at path "_id" for model "productos"
[2023-01-19T18:56:21.340] [ERROR] default - error al obtener el dato por su id: CastError: Cast to ObjectId failed for value "pepe" (type string) at path "_id" for model "productos"
[2023-01-19T18:59:07.538] [ERROR] default - error al obtener el dato por su id: CastError: Cast to ObjectId failed for value "pepe" (type string) at path "_id" for model "productos"
[2023-01-19T18:59:26.960] [ERROR] default - error al obtener el dato por su id: CastError: Cast to ObjectId failed for value "pepe" (type string) at path "_id" for model "productos"
[2023-02-02T01:06:18.091] [ERROR] default - error al obtener el dato por su id: CastError: Cast to ObjectId failed for value "pepe" (type string) at path "_id" for model "productos"
[2023-02-02T01:30:14.184] [ERROR] default - error al guardar archivo: ValidationError: _id: Cast to ObjectId failed for value "3123123123123123" (type number) at path "_id" because of "BSONTypeError"
[2023-02-02T01:37:06.334] [ERROR] default - error al obtener el dato por su id: CastError: Cast to ObjectId failed for value "pepe" (type string) at path "_id" for model "productos"
[2023-02-02T01:42:07.383] [ERROR] default - error al borrar por su id: CastError: Cast to ObjectId failed for value "s3312321" (type string) at path "_id" for model "productos"
[2023-02-02T01:51:03.125] [ERROR] default - error al borrar por su id: CastError: Cast to ObjectId failed for value "123123" (type string) at path "_id" for model "productos"
[2023-02-02T02:42:28.687] [ERROR] default - error al borrar por su id: CastError: Cast to ObjectId failed for value "123123" (type string) at path "_id" for model "productos"
[2023-02-02T16:38:30.130] [ERROR] default - error al actualizar por id: CastError: Cast to ObjectId failed for value "63" (type number) at path "_id" for model "productos"
[2023-02-02T16:40:32.494] [ERROR] default - error al actualizar por id: CastError: Cast to ObjectId failed for value "63" (type number) at path "_id" for model "productos"
[2023-02-02T16:41:56.761] [ERROR] default - error al actualizar por id: CastError: Cast to ObjectId failed for value "63" (type number) at path "_id" for model "productos"
[2023-02-02T16:46:19.842] [ERROR] default - error al actualizar por id: CastError: Cast to ObjectId failed for value "63" (type number) at path "_id" for model "productos"
[2023-02-02T16:48:15.018] [ERROR] default - error al actualizar por id: CastError: Cast to ObjectId failed for value "63" (type number) at path "_id" for model "productos"
[2023-02-02T16:48:56.819] [ERROR] default - error al actualizar por id: CastError: Cast to ObjectId failed for value "63" (type number) at path "_id" for model "productos"
[2023-02-02T16:53:39.975] [ERROR] default - error al actualizar por id: CastError: Cast to ObjectId failed for value "63" (type number) at path "_id" for model "productos"
[2023-02-02T16:55:12.481] [ERROR] default - error al actualizar por id: CastError: Cast to ObjectId failed for value "63" (type number) at path "_id" for model "productos"
[2023-02-02T17:14:09.611] [ERROR] default - error al actualizar por id: CastError: Cast to ObjectId failed for value "63" (type number) at path "_id" for model "productos"
[2023-02-02T17:18:43.934] [ERROR] default - error al actualizar por id: CastError: Cast to ObjectId failed for value "63" (type number) at path "_id" for model "productos"
[2023-02-02T17:20:03.945] [ERROR] default - error al actualizar por id: CastError: Cast to ObjectId failed for value "63" (type number) at path "_id" for model "productos"
[2023-02-02T17:21:49.373] [ERROR] default - error al actualizar por id: CastError: Cast to ObjectId failed for value "63" (type number) at path "_id" for model "productos"
[2023-02-02T17:22:31.953] [ERROR] default - error al actualizar por id: CastError: Cast to ObjectId failed for value "63" (type number) at path "_id" for model "productos"
[2023-02-02T17:38:20.209] [ERROR] default - error al actualizar por id: CastError: Cast to ObjectId failed for value "63" (type number) at path "_id" for model "productos"
[2023-02-02T17:39:39.841] [ERROR] default - error al actualizar por id: CastError: Cast to ObjectId failed for value "63" (type number) at path "_id" for model "productos"
