[2023-03-05T15:37:10.574] [WARN] default - Failed Requist GET at /chat/css/style.css
[2023-03-05T15:46:31.218] [ERROR] default - error al borrar el carrito : CastError: Cast to ObjectId failed for value "640405693529d68d13b90d0d " (type string) at path "_id" for model "compra"
[2023-03-05T15:52:46.298] [WARN] default - Failed Requist POST at /
[2023-03-05T15:52:53.140] [WARN] default - Failed Requist POST at /
[2023-03-05T15:53:22.535] [WARN] default - Failed Requist GET at /api/carrito/producto/63bb2c6c3a0dace2b76929bd
[2023-03-05T15:54:05.336] [WARN] default - Failed Requist GET at /api/carrito/producto/63bb2c6c3a0dace2b76929bd
[2023-03-05T15:54:16.561] [WARN] default - Failed Requist POST at /api/carritos/producto/63bb2c6c3a0dace2b76929bd
[2023-03-05T15:54:17.776] [WARN] default - Failed Requist POST at /api/carritos/producto/63bb2c6c3a0dace2b76929bd
[2023-03-05T15:55:23.793] [WARN] default - Failed Requist POST at /
[2023-03-05T15:55:39.231] [WARN] default - Failed Requist POST at /
[2023-03-05T15:55:45.011] [WARN] default - Failed Requist POST at /
[2023-03-05T15:55:46.369] [WARN] default - Failed Requist POST at /
[2023-03-05T15:55:47.717] [WARN] default - Failed Requist POST at /
[2023-03-05T15:55:55.070] [WARN] default - Failed Requist POST at /
[2023-03-05T15:55:56.412] [WARN] default - Failed Requist POST at /
[2023-03-05T15:56:28.903] [WARN] default - Failed Requist POST at /
[2023-03-05T15:56:38.136] [ERROR] default - error al guardar archivo: ValidationError: category: Path `category` is required., description: Path `description` is required., thumbnail: Path `thumbnail` is required., price: Path `price` is required., title: Path `title` is required.
[2023-03-05T16:10:52.598] [ERROR] default - error al borrar el carrito : CastError: Cast to ObjectId failed for value "64042da2f8f6bb3cab2f9db1}" (type string) at path "_id" for model "compra"
[2023-03-05T16:11:16.494] [ERROR] default - error al borrar el carrito : CastError: Cast to ObjectId failed for value "64042cfcb48335af69299a08 " (type string) at path "_id" for model "compra"
[2023-03-05T16:11:20.614] [ERROR] default - error al borrar el carrito : CastError: Cast to ObjectId failed for value "64042cfcb48335af69299a08 " (type string) at path "_id" for model "compra"
[2023-03-05T16:11:24.380] [ERROR] default - error al borrar el carrito : CastError: Cast to ObjectId failed for value "64042cfcb48335af69299a08 " (type string) at path "_id" for model "compra"
[2023-03-05T16:59:44.086] [WARN] default - Failed Requist POST at /api/compra/producto/63bb2c6c3a0dace2b76929bd
[2023-03-05T17:00:21.270] [WARN] default - Failed Requist POST at /
